[09:53:36 - main] [Cooja.java:1317] [INFO] - > Starting Cooja
[09:53:36 - main] [Cooja.java:2858] [INFO] - External tools default settings: /external_tools_macosx.config
[09:53:36 - main] [Cooja.java:2888] [INFO] - External tools user settings: /Users/michelegrisafi/.cooja.user.properties
[09:53:36 - main] [Simulation.java:422] [INFO] - Simulation random seed: 1
[09:53:36 - main] [MspMote.java:235] [INFO] - Loading firmware from: /Users/michelegrisafi/Documents/lpwsn/lpwsn/app/burst/no/br_no_12_10/simulations/../app.sky
[09:53:37 - main] [MspMote.java:235] [INFO] - Loading firmware from: /Users/michelegrisafi/Documents/lpwsn/lpwsn/app/burst/no/br_no_12_10/simulations/../app.sky
[09:53:37 - main] [MspMote.java:235] [INFO] - Loading firmware from: /Users/michelegrisafi/Documents/lpwsn/lpwsn/app/burst/no/br_no_12_10/simulations/../app.sky
[09:53:37 - main] [MspMote.java:235] [INFO] - Loading firmware from: /Users/michelegrisafi/Documents/lpwsn/lpwsn/app/burst/no/br_no_12_10/simulations/../app.sky
[09:53:37 - main] [MspMote.java:235] [INFO] - Loading firmware from: /Users/michelegrisafi/Documents/lpwsn/lpwsn/app/burst/no/br_no_12_10/simulations/../app.sky
[09:53:37 - main] [MspMote.java:235] [INFO] - Loading firmware from: /Users/michelegrisafi/Documents/lpwsn/lpwsn/app/burst/no/br_no_12_10/simulations/../app.sky
[09:53:37 - main] [MspMote.java:235] [INFO] - Loading firmware from: /Users/michelegrisafi/Documents/lpwsn/lpwsn/app/burst/no/br_no_12_10/simulations/../app.sky
[09:53:37 - main] [MspMote.java:235] [INFO] - Loading firmware from: /Users/michelegrisafi/Documents/lpwsn/lpwsn/app/burst/no/br_no_12_10/simulations/../app.sky
[09:53:37 - main] [MspMote.java:235] [INFO] - Loading firmware from: /Users/michelegrisafi/Documents/lpwsn/lpwsn/app/burst/no/br_no_12_10/simulations/../app.sky
[09:53:37 - main] [MspMote.java:235] [INFO] - Loading firmware from: /Users/michelegrisafi/Documents/lpwsn/lpwsn/app/burst/no/br_no_12_10/simulations/../app.sky
[09:53:37 - main] [Cooja.java:1783] [INFO] - Visualized plugin was not started: class org.contikios.cooja.plugins.Visualizer
[09:53:37 - main] [Cooja.java:1783] [INFO] - Visualized plugin was not started: class org.contikios.cooja.plugins.TimeLine
[09:53:37 - main] [Cooja.java:1783] [INFO] - Visualized plugin was not started: class org.contikios.cooja.plugins.RadioLogger
[09:53:37 - main] [ScriptRunner.java:430] [INFO] - Test script deactivated
[09:53:37 - main] [LogScriptEngine.java:265] [INFO] - Script timeout in 180000 ms
[09:53:37 - main] [ScriptRunner.java:387] [INFO] - Test script activated
[09:53:37 - Thread-2] [Simulation.java:253] [INFO] - Simulation main loop started, system time: 1590306817701
[09:53:37 - main] [Cooja.java:1783] [INFO] - Visualized plugin was not started: class org.contikios.cooja.plugins.LogListener
[09:53:37 - main] [Cooja.java:1783] [INFO] - Visualized plugin was not started: class org.contikios.cooja.plugins.SimControl
[09:53:39 - Thread-2] [LogScriptEngine.java:389] [INFO] - Test script at 5.00%, done in 30.7 sec
[09:53:40 - Thread-2] [LogScriptEngine.java:389] [INFO] - Test script at 10.00%, done in 22.2 sec
[09:53:41 - Thread-2] [LogScriptEngine.java:389] [INFO] - Test script at 15.00%, done in 18.7 sec
[09:53:41 - Thread-2] [LogScriptEngine.java:389] [INFO] - Test script at 20.00%, done in 16.6 sec
[09:53:42 - Thread-2] [LogScriptEngine.java:389] [INFO] - Test script at 25.00%, done in 14.9 sec
[09:53:43 - Thread-2] [LogScriptEngine.java:389] [INFO] - Test script at 30.00%, done in 13.5 sec
[09:53:44 - Thread-2] [LogScriptEngine.java:389] [INFO] - Test script at 35.00%, done in 12.3 sec
[09:53:45 - Thread-2] [LogScriptEngine.java:389] [INFO] - Test script at 40.00%, done in 11.1 sec
[09:53:45 - Thread-2] [LogScriptEngine.java:389] [INFO] - Test script at 45.00%, done in 10.1 sec
[09:53:46 - Thread-2] [LogScriptEngine.java:389] [INFO] - Test script at 50.00%, done in 9.0 sec
[09:53:47 - Thread-2] [LogScriptEngine.java:389] [INFO] - Test script at 55.00%, done in 8.1 sec
[09:53:48 - Thread-2] [LogScriptEngine.java:389] [INFO] - Test script at 60.00%, done in 7.2 sec
