[16:49:56 - main] [Cooja.java:1317] [INFO] - > Starting Cooja
[16:49:56 - main] [Cooja.java:2858] [INFO] - External tools default settings: /external_tools_linux_64.config
[16:49:56 - main] [Cooja.java:2888] [INFO] - External tools user settings: /home/michele/.cooja.user.properties
[16:49:57 - main] [Simulation.java:422] [INFO] - Simulation random seed: 1
[16:49:57 - main] [MspMote.java:235] [INFO] - Loading firmware from: /home/michele/Documents/LowPoweredProject/lpwsn/app/general/simulations/../app.sky
[16:49:58 - main] [MspMote.java:235] [INFO] - Loading firmware from: /home/michele/Documents/LowPoweredProject/lpwsn/app/general/simulations/../app.sky
[16:49:58 - main] [MspMote.java:235] [INFO] - Loading firmware from: /home/michele/Documents/LowPoweredProject/lpwsn/app/general/simulations/../app.sky
[16:49:58 - main] [MspMote.java:235] [INFO] - Loading firmware from: /home/michele/Documents/LowPoweredProject/lpwsn/app/general/simulations/../app.sky
[16:49:58 - main] [MspMote.java:235] [INFO] - Loading firmware from: /home/michele/Documents/LowPoweredProject/lpwsn/app/general/simulations/../app.sky
[16:49:58 - main] [MspMote.java:235] [INFO] - Loading firmware from: /home/michele/Documents/LowPoweredProject/lpwsn/app/general/simulations/../app.sky
[16:49:58 - main] [MspMote.java:235] [INFO] - Loading firmware from: /home/michele/Documents/LowPoweredProject/lpwsn/app/general/simulations/../app.sky
[16:49:58 - main] [MspMote.java:235] [INFO] - Loading firmware from: /home/michele/Documents/LowPoweredProject/lpwsn/app/general/simulations/../app.sky
[16:49:58 - main] [MspMote.java:235] [INFO] - Loading firmware from: /home/michele/Documents/LowPoweredProject/lpwsn/app/general/simulations/../app.sky
[16:49:58 - main] [MspMote.java:235] [INFO] - Loading firmware from: /home/michele/Documents/LowPoweredProject/lpwsn/app/general/simulations/../app.sky
[16:49:58 - main] [MspMote.java:235] [INFO] - Loading firmware from: /home/michele/Documents/LowPoweredProject/lpwsn/app/general/simulations/../app.sky
[16:49:58 - main] [MspMote.java:235] [INFO] - Loading firmware from: /home/michele/Documents/LowPoweredProject/lpwsn/app/general/simulations/../app.sky
[16:49:58 - main] [MspMote.java:235] [INFO] - Loading firmware from: /home/michele/Documents/LowPoweredProject/lpwsn/app/general/simulations/../app.sky
[16:49:58 - main] [MspMote.java:235] [INFO] - Loading firmware from: /home/michele/Documents/LowPoweredProject/lpwsn/app/general/simulations/../app.sky
[16:49:58 - main] [MspMote.java:235] [INFO] - Loading firmware from: /home/michele/Documents/LowPoweredProject/lpwsn/app/general/simulations/../app.sky
[16:49:58 - main] [MspMote.java:235] [INFO] - Loading firmware from: /home/michele/Documents/LowPoweredProject/lpwsn/app/general/simulations/../app.sky
[16:49:58 - main] [MspMote.java:235] [INFO] - Loading firmware from: /home/michele/Documents/LowPoweredProject/lpwsn/app/general/simulations/../app.sky
[16:49:58 - main] [MspMote.java:235] [INFO] - Loading firmware from: /home/michele/Documents/LowPoweredProject/lpwsn/app/general/simulations/../app.sky
[16:49:58 - main] [MspMote.java:235] [INFO] - Loading firmware from: /home/michele/Documents/LowPoweredProject/lpwsn/app/general/simulations/../app.sky
[16:49:58 - main] [MspMote.java:235] [INFO] - Loading firmware from: /home/michele/Documents/LowPoweredProject/lpwsn/app/general/simulations/../app.sky
[16:49:59 - main] [Visualizer.java:256] [INFO] - Registered external visualizer: org.contikios.cooja.plugins.skins.DGRMVisualizerSkin
[16:49:59 - main] [TimeLine.java:567] [INFO] - Zoom level: 1000.0 microseconds/pixel 
[16:50:01 - main] [ScriptRunner.java:430] [INFO] - Test script deactivated
[16:50:01 - main] [LogScriptEngine.java:265] [INFO] - Script timeout in 180000 ms
[16:50:02 - main] [ScriptRunner.java:387] [INFO] - Test script activated
[16:50:52 - Thread-2] [Simulation.java:253] [INFO] - Simulation main loop started, system time: 1591109452577
[16:51:08 - Thread-2] [LogScriptEngine.java:389] [INFO] - Test script at 5.00%, done in 1254.0 sec
[16:51:20 - Thread-2] [LogScriptEngine.java:389] [INFO] - Test script at 10.00%, done in 699.7 sec
[16:51:30 - Thread-2] [LogScriptEngine.java:389] [INFO] - Test script at 15.00%, done in 501.8 sec
[16:51:42 - Thread-2] [LogScriptEngine.java:389] [INFO] - Test script at 20.00%, done in 399.7 sec
[16:51:53 - Thread-2] [LogScriptEngine.java:389] [INFO] - Test script at 25.00%, done in 332.4 sec
[16:52:04 - Thread-2] [LogScriptEngine.java:389] [INFO] - Test script at 30.00%, done in 286.3 sec
[16:52:17 - Thread-2] [LogScriptEngine.java:389] [INFO] - Test script at 35.00%, done in 251.0 sec
[16:52:30 - Thread-2] [LogScriptEngine.java:389] [INFO] - Test script at 40.00%, done in 221.7 sec
[16:52:43 - Thread-2] [LogScriptEngine.java:389] [INFO] - Test script at 45.00%, done in 196.6 sec
[16:52:55 - Thread-2] [LogScriptEngine.java:389] [INFO] - Test script at 50.00%, done in 173.4 sec
[16:53:07 - Thread-2] [LogScriptEngine.java:389] [INFO] - Test script at 55.00%, done in 152.0 sec
[16:53:20 - Thread-2] [LogScriptEngine.java:389] [INFO] - Test script at 60.00%, done in 132.3 sec
[16:53:34 - Thread-2] [LogScriptEngine.java:389] [INFO] - Test script at 65.00%, done in 114.1 sec
[16:53:47 - Thread-2] [LogScriptEngine.java:389] [INFO] - Test script at 70.00%, done in 96.4 sec
[16:54:00 - Thread-2] [LogScriptEngine.java:389] [INFO] - Test script at 75.00%, done in 79.3 sec
[16:54:12 - Thread-2] [LogScriptEngine.java:389] [INFO] - Test script at 80.00%, done in 62.6 sec
[16:54:24 - Thread-2] [LogScriptEngine.java:389] [INFO] - Test script at 85.00%, done in 46.3 sec
[16:54:36 - Thread-2] [LogScriptEngine.java:389] [INFO] - Test script at 90.00%, done in 30.5 sec
[16:54:49 - Thread-2] [LogScriptEngine.java:389] [INFO] - Test script at 95.00%, done in 15.1 sec
[16:55:03 - Thread-2] [LogScriptEngine.java:375] [INFO] - Timeout event @ 180000000
[16:55:03 - Thread-2] [Simulation.java:312] [INFO] - Simulation main loop stopped, system time: 1591109703041	Duration: 250464 ms	Simulated time 180000 ms	Ratio 0.7186661556151782
[16:55:03 - Thread-1] [LogScriptEngine.java:309] [INFO] - Test script finished
[16:55:17 - AWT-EventQueue-0] [ScriptRunner.java:430] [INFO] - Test script deactivated
