[17:40:11 - main] [Cooja.java:1317] [INFO] - > Starting Cooja
[17:40:11 - main] [Cooja.java:2858] [INFO] - External tools default settings: /external_tools_linux_64.config
[17:40:11 - main] [Cooja.java:2888] [INFO] - External tools user settings: /home/michele/.cooja.user.properties
[17:40:11 - main] [Simulation.java:422] [INFO] - Simulation random seed: 5169710901224139098
[17:40:11 - main] [MspMote.java:235] [INFO] - Loading firmware from: /home/michele/Documents/LowPoweredProject/lpwsn/app/app.sky
[17:40:12 - main] [MspMote.java:235] [INFO] - Loading firmware from: /home/michele/Documents/LowPoweredProject/lpwsn/app/app.sky
[17:40:12 - main] [MspMote.java:235] [INFO] - Loading firmware from: /home/michele/Documents/LowPoweredProject/lpwsn/app/app.sky
[17:40:12 - main] [MspMote.java:235] [INFO] - Loading firmware from: /home/michele/Documents/LowPoweredProject/lpwsn/app/app.sky
[17:40:12 - main] [MspMote.java:235] [INFO] - Loading firmware from: /home/michele/Documents/LowPoweredProject/lpwsn/app/app.sky
[17:40:12 - main] [Visualizer.java:256] [INFO] - Registered external visualizer: org.contikios.cooja.plugins.skins.DGRMVisualizerSkin
[17:40:12 - main] [TimeLine.java:567] [INFO] - Zoom level: 1000.0 microseconds/pixel 
[17:40:13 - main] [ScriptRunner.java:430] [INFO] - Test script deactivated
[17:40:13 - main] [LogScriptEngine.java:265] [INFO] - Script timeout in 180000 ms
[17:40:13 - main] [ScriptRunner.java:387] [INFO] - Test script activated
[17:40:15 - Thread-2] [Simulation.java:253] [INFO] - Simulation main loop started, system time: 1580143215168
[17:40:16 - Thread-2] [LogScriptEngine.java:389] [INFO] - Test script at 5.00%, done in 57.6 sec
[17:40:17 - Thread-2] [LogScriptEngine.java:389] [INFO] - Test script at 10.00%, done in 33.5 sec
[17:40:17 - Thread-2] [LogScriptEngine.java:389] [INFO] - Test script at 15.00%, done in 25.2 sec
[17:40:18 - Thread-2] [Simulation.java:312] [INFO] - Simulation main loop stopped, system time: 1580143218334	Duration: 3166 ms	Simulated time 33425 ms	Ratio 10.557485786481365
[17:40:32 - Thread-3] [Simulation.java:253] [INFO] - Simulation main loop started, system time: 1580143232908
[17:40:33 - Thread-3] [LogScriptEngine.java:389] [INFO] - Test script at 20.00%, done in 78.6 sec
[17:40:33 - Thread-3] [LogScriptEngine.java:389] [INFO] - Test script at 25.00%, done in 60.9 sec
[17:40:34 - Thread-3] [LogScriptEngine.java:389] [INFO] - Test script at 30.00%, done in 48.8 sec
[17:40:34 - Thread-3] [LogScriptEngine.java:389] [INFO] - Test script at 35.00%, done in 40.0 sec
[17:40:35 - Thread-3] [LogScriptEngine.java:389] [INFO] - Test script at 40.00%, done in 33.3 sec
[17:40:36 - Thread-3] [LogScriptEngine.java:389] [INFO] - Test script at 45.00%, done in 27.9 sec
[17:40:36 - Thread-3] [LogScriptEngine.java:389] [INFO] - Test script at 50.00%, done in 23.5 sec
[17:40:37 - Thread-3] [LogScriptEngine.java:389] [INFO] - Test script at 55.00%, done in 19.7 sec
[17:40:38 - Thread-3] [LogScriptEngine.java:389] [INFO] - Test script at 60.00%, done in 16.5 sec
[17:40:38 - Thread-3] [LogScriptEngine.java:389] [INFO] - Test script at 65.00%, done in 13.6 sec
[17:40:39 - Thread-3] [LogScriptEngine.java:389] [INFO] - Test script at 70.00%, done in 11.1 sec
[17:40:39 - Thread-3] [LogScriptEngine.java:389] [INFO] - Test script at 75.00%, done in 8.9 sec
[17:40:40 - Thread-3] [LogScriptEngine.java:389] [INFO] - Test script at 80.00%, done in 6.8 sec
[17:40:41 - Thread-3] [LogScriptEngine.java:389] [INFO] - Test script at 85.00%, done in 4.9 sec
[17:40:41 - Thread-3] [LogScriptEngine.java:389] [INFO] - Test script at 90.00%, done in 3.2 sec
[17:40:42 - Thread-3] [LogScriptEngine.java:389] [INFO] - Test script at 95.00%, done in 1.5 sec
[17:40:43 - Thread-3] [LogScriptEngine.java:375] [INFO] - Timeout event @ 180000000
[17:40:43 - Thread-3] [Simulation.java:312] [INFO] - Simulation main loop stopped, system time: 1580143243131	Duration: 10223 ms	Simulated time 180001 ms	Ratio 17.607453780690598
[17:40:43 - Thread-1] [LogScriptEngine.java:309] [INFO] - Test script finished
