[14:11:27 - main] [Cooja.java:1317] [INFO] - > Starting Cooja
[14:11:27 - main] [Cooja.java:2858] [INFO] - External tools default settings: /external_tools_linux_64.config
[14:11:27 - main] [Cooja.java:2888] [INFO] - External tools user settings: /home/michele/.cooja.user.properties
[14:11:27 - main] [Simulation.java:422] [INFO] - Simulation random seed: 1
[14:11:27 - main] [MspMote.java:235] [INFO] - Loading firmware from: /home/michele/Documents/LowPoweredProject/lpwsn/app/burst/no/br_no_8_10/simulations/../app.sky
[14:11:27 - main] [MspMote.java:235] [INFO] - Loading firmware from: /home/michele/Documents/LowPoweredProject/lpwsn/app/burst/no/br_no_8_10/simulations/../app.sky
[14:11:27 - main] [MspMote.java:235] [INFO] - Loading firmware from: /home/michele/Documents/LowPoweredProject/lpwsn/app/burst/no/br_no_8_10/simulations/../app.sky
[14:11:27 - main] [MspMote.java:235] [INFO] - Loading firmware from: /home/michele/Documents/LowPoweredProject/lpwsn/app/burst/no/br_no_8_10/simulations/../app.sky
[14:11:27 - main] [MspMote.java:235] [INFO] - Loading firmware from: /home/michele/Documents/LowPoweredProject/lpwsn/app/burst/no/br_no_8_10/simulations/../app.sky
[14:11:27 - main] [MspMote.java:235] [INFO] - Loading firmware from: /home/michele/Documents/LowPoweredProject/lpwsn/app/burst/no/br_no_8_10/simulations/../app.sky
[14:11:27 - main] [MspMote.java:235] [INFO] - Loading firmware from: /home/michele/Documents/LowPoweredProject/lpwsn/app/burst/no/br_no_8_10/simulations/../app.sky
[14:11:27 - main] [MspMote.java:235] [INFO] - Loading firmware from: /home/michele/Documents/LowPoweredProject/lpwsn/app/burst/no/br_no_8_10/simulations/../app.sky
[14:11:27 - main] [MspMote.java:235] [INFO] - Loading firmware from: /home/michele/Documents/LowPoweredProject/lpwsn/app/burst/no/br_no_8_10/simulations/../app.sky
[14:11:27 - main] [MspMote.java:235] [INFO] - Loading firmware from: /home/michele/Documents/LowPoweredProject/lpwsn/app/burst/no/br_no_8_10/simulations/../app.sky
[14:11:27 - main] [MspMote.java:235] [INFO] - Loading firmware from: /home/michele/Documents/LowPoweredProject/lpwsn/app/burst/no/br_no_8_10/simulations/../app.sky
[14:11:27 - main] [MspMote.java:235] [INFO] - Loading firmware from: /home/michele/Documents/LowPoweredProject/lpwsn/app/burst/no/br_no_8_10/simulations/../app.sky
[14:11:27 - main] [MspMote.java:235] [INFO] - Loading firmware from: /home/michele/Documents/LowPoweredProject/lpwsn/app/burst/no/br_no_8_10/simulations/../app.sky
[14:11:27 - main] [MspMote.java:235] [INFO] - Loading firmware from: /home/michele/Documents/LowPoweredProject/lpwsn/app/burst/no/br_no_8_10/simulations/../app.sky
[14:11:28 - main] [MspMote.java:235] [INFO] - Loading firmware from: /home/michele/Documents/LowPoweredProject/lpwsn/app/burst/no/br_no_8_10/simulations/../app.sky
[14:11:28 - main] [MspMote.java:235] [INFO] - Loading firmware from: /home/michele/Documents/LowPoweredProject/lpwsn/app/burst/no/br_no_8_10/simulations/../app.sky
[14:11:28 - main] [MspMote.java:235] [INFO] - Loading firmware from: /home/michele/Documents/LowPoweredProject/lpwsn/app/burst/no/br_no_8_10/simulations/../app.sky
[14:11:28 - main] [MspMote.java:235] [INFO] - Loading firmware from: /home/michele/Documents/LowPoweredProject/lpwsn/app/burst/no/br_no_8_10/simulations/../app.sky
[14:11:28 - main] [MspMote.java:235] [INFO] - Loading firmware from: /home/michele/Documents/LowPoweredProject/lpwsn/app/burst/no/br_no_8_10/simulations/../app.sky
[14:11:28 - main] [MspMote.java:235] [INFO] - Loading firmware from: /home/michele/Documents/LowPoweredProject/lpwsn/app/burst/no/br_no_8_10/simulations/../app.sky
[14:11:28 - main] [MspMote.java:235] [INFO] - Loading firmware from: /home/michele/Documents/LowPoweredProject/lpwsn/app/burst/no/br_no_8_10/simulations/../app.sky
[14:11:28 - main] [MspMote.java:235] [INFO] - Loading firmware from: /home/michele/Documents/LowPoweredProject/lpwsn/app/burst/no/br_no_8_10/simulations/../app.sky
[14:11:28 - main] [MspMote.java:235] [INFO] - Loading firmware from: /home/michele/Documents/LowPoweredProject/lpwsn/app/burst/no/br_no_8_10/simulations/../app.sky
[14:11:28 - main] [MspMote.java:235] [INFO] - Loading firmware from: /home/michele/Documents/LowPoweredProject/lpwsn/app/burst/no/br_no_8_10/simulations/../app.sky
[14:11:28 - main] [MspMote.java:235] [INFO] - Loading firmware from: /home/michele/Documents/LowPoweredProject/lpwsn/app/burst/no/br_no_8_10/simulations/../app.sky
[14:11:28 - main] [MspMote.java:235] [INFO] - Loading firmware from: /home/michele/Documents/LowPoweredProject/lpwsn/app/burst/no/br_no_8_10/simulations/../app.sky
[14:11:28 - main] [MspMote.java:235] [INFO] - Loading firmware from: /home/michele/Documents/LowPoweredProject/lpwsn/app/burst/no/br_no_8_10/simulations/../app.sky
[14:11:28 - main] [MspMote.java:235] [INFO] - Loading firmware from: /home/michele/Documents/LowPoweredProject/lpwsn/app/burst/no/br_no_8_10/simulations/../app.sky
[14:11:28 - main] [MspMote.java:235] [INFO] - Loading firmware from: /home/michele/Documents/LowPoweredProject/lpwsn/app/burst/no/br_no_8_10/simulations/../app.sky
[14:11:28 - main] [MspMote.java:235] [INFO] - Loading firmware from: /home/michele/Documents/LowPoweredProject/lpwsn/app/burst/no/br_no_8_10/simulations/../app.sky
[14:11:28 - main] [MspMote.java:235] [INFO] - Loading firmware from: /home/michele/Documents/LowPoweredProject/lpwsn/app/burst/no/br_no_8_10/simulations/../app.sky
[14:11:28 - main] [MspMote.java:235] [INFO] - Loading firmware from: /home/michele/Documents/LowPoweredProject/lpwsn/app/burst/no/br_no_8_10/simulations/../app.sky
[14:11:28 - main] [MspMote.java:235] [INFO] - Loading firmware from: /home/michele/Documents/LowPoweredProject/lpwsn/app/burst/no/br_no_8_10/simulations/../app.sky
[14:11:28 - main] [MspMote.java:235] [INFO] - Loading firmware from: /home/michele/Documents/LowPoweredProject/lpwsn/app/burst/no/br_no_8_10/simulations/../app.sky
[14:11:28 - main] [MspMote.java:235] [INFO] - Loading firmware from: /home/michele/Documents/LowPoweredProject/lpwsn/app/burst/no/br_no_8_10/simulations/../app.sky
[14:11:28 - main] [MspMote.java:235] [INFO] - Loading firmware from: /home/michele/Documents/LowPoweredProject/lpwsn/app/burst/no/br_no_8_10/simulations/../app.sky
[14:11:28 - main] [MspMote.java:235] [INFO] - Loading firmware from: /home/michele/Documents/LowPoweredProject/lpwsn/app/burst/no/br_no_8_10/simulations/../app.sky
[14:11:28 - main] [MspMote.java:235] [INFO] - Loading firmware from: /home/michele/Documents/LowPoweredProject/lpwsn/app/burst/no/br_no_8_10/simulations/../app.sky
[14:11:28 - main] [MspMote.java:235] [INFO] - Loading firmware from: /home/michele/Documents/LowPoweredProject/lpwsn/app/burst/no/br_no_8_10/simulations/../app.sky
[14:11:28 - main] [MspMote.java:235] [INFO] - Loading firmware from: /home/michele/Documents/LowPoweredProject/lpwsn/app/burst/no/br_no_8_10/simulations/../app.sky
[14:11:28 - main] [MspMote.java:235] [INFO] - Loading firmware from: /home/michele/Documents/LowPoweredProject/lpwsn/app/burst/no/br_no_8_10/simulations/../app.sky
[14:11:28 - main] [MspMote.java:235] [INFO] - Loading firmware from: /home/michele/Documents/LowPoweredProject/lpwsn/app/burst/no/br_no_8_10/simulations/../app.sky
[14:11:28 - main] [MspMote.java:235] [INFO] - Loading firmware from: /home/michele/Documents/LowPoweredProject/lpwsn/app/burst/no/br_no_8_10/simulations/../app.sky
[14:11:28 - main] [MspMote.java:235] [INFO] - Loading firmware from: /home/michele/Documents/LowPoweredProject/lpwsn/app/burst/no/br_no_8_10/simulations/../app.sky
[14:11:28 - main] [MspMote.java:235] [INFO] - Loading firmware from: /home/michele/Documents/LowPoweredProject/lpwsn/app/burst/no/br_no_8_10/simulations/../app.sky
[14:11:28 - main] [MspMote.java:235] [INFO] - Loading firmware from: /home/michele/Documents/LowPoweredProject/lpwsn/app/burst/no/br_no_8_10/simulations/../app.sky
[14:11:28 - main] [MspMote.java:235] [INFO] - Loading firmware from: /home/michele/Documents/LowPoweredProject/lpwsn/app/burst/no/br_no_8_10/simulations/../app.sky
[14:11:28 - main] [MspMote.java:235] [INFO] - Loading firmware from: /home/michele/Documents/LowPoweredProject/lpwsn/app/burst/no/br_no_8_10/simulations/../app.sky
[14:11:28 - main] [MspMote.java:235] [INFO] - Loading firmware from: /home/michele/Documents/LowPoweredProject/lpwsn/app/burst/no/br_no_8_10/simulations/../app.sky
[14:11:28 - main] [MspMote.java:235] [INFO] - Loading firmware from: /home/michele/Documents/LowPoweredProject/lpwsn/app/burst/no/br_no_8_10/simulations/../app.sky
[14:11:28 - main] [Visualizer.java:256] [INFO] - Registered external visualizer: org.contikios.cooja.plugins.skins.DGRMVisualizerSkin
[14:11:28 - main] [TimeLine.java:567] [INFO] - Zoom level: 1000.0 microseconds/pixel 
[14:11:29 - main] [ScriptRunner.java:430] [INFO] - Test script deactivated
[14:11:29 - main] [LogScriptEngine.java:265] [INFO] - Script timeout in 180000 ms
[14:11:29 - main] [ScriptRunner.java:387] [INFO] - Test script activated
[14:11:33 - Thread-2] [Simulation.java:253] [INFO] - Simulation main loop started, system time: 1585401093325
[14:11:51 - Thread-2] [LogScriptEngine.java:389] [INFO] - Test script at 5.00%, done in 422.8 sec
[14:11:56 - Thread-2] [Simulation.java:312] [INFO] - Simulation main loop stopped, system time: 1585401116887	Duration: 23562 ms	Simulated time 11996 ms	Ratio 0.5091248620660386
