[10:00:23 - main] [Cooja.java:1317] [INFO] - > Starting Cooja
[10:00:23 - main] [Cooja.java:2858] [INFO] - External tools default settings: /external_tools_linux_64.config
[10:00:23 - main] [Cooja.java:2888] [INFO] - External tools user settings: /home/michele/.cooja.user.properties
[10:00:23 - main] [Simulation.java:422] [INFO] - Simulation random seed: 1
[10:00:23 - main] [MspMote.java:235] [INFO] - Loading firmware from: /home/michele/Documents/LowPoweredProject/lpwsn/app/burst/no/br_no_8_30/simulations/../app.sky
[10:00:23 - main] [MspMote.java:235] [INFO] - Loading firmware from: /home/michele/Documents/LowPoweredProject/lpwsn/app/burst/no/br_no_8_30/simulations/../app.sky
[10:00:23 - main] [MspMote.java:235] [INFO] - Loading firmware from: /home/michele/Documents/LowPoweredProject/lpwsn/app/burst/no/br_no_8_30/simulations/../app.sky
[10:00:23 - main] [MspMote.java:235] [INFO] - Loading firmware from: /home/michele/Documents/LowPoweredProject/lpwsn/app/burst/no/br_no_8_30/simulations/../app.sky
[10:00:23 - main] [MspMote.java:235] [INFO] - Loading firmware from: /home/michele/Documents/LowPoweredProject/lpwsn/app/burst/no/br_no_8_30/simulations/../app.sky
[10:00:23 - main] [MspMote.java:235] [INFO] - Loading firmware from: /home/michele/Documents/LowPoweredProject/lpwsn/app/burst/no/br_no_8_30/simulations/../app.sky
[10:00:23 - main] [MspMote.java:235] [INFO] - Loading firmware from: /home/michele/Documents/LowPoweredProject/lpwsn/app/burst/no/br_no_8_30/simulations/../app.sky
[10:00:23 - main] [MspMote.java:235] [INFO] - Loading firmware from: /home/michele/Documents/LowPoweredProject/lpwsn/app/burst/no/br_no_8_30/simulations/../app.sky
[10:00:23 - main] [MspMote.java:235] [INFO] - Loading firmware from: /home/michele/Documents/LowPoweredProject/lpwsn/app/burst/no/br_no_8_30/simulations/../app.sky
[10:00:23 - main] [MspMote.java:235] [INFO] - Loading firmware from: /home/michele/Documents/LowPoweredProject/lpwsn/app/burst/no/br_no_8_30/simulations/../app.sky
[10:00:23 - main] [MspMote.java:235] [INFO] - Loading firmware from: /home/michele/Documents/LowPoweredProject/lpwsn/app/burst/no/br_no_8_30/simulations/../app.sky
[10:00:23 - main] [MspMote.java:235] [INFO] - Loading firmware from: /home/michele/Documents/LowPoweredProject/lpwsn/app/burst/no/br_no_8_30/simulations/../app.sky
[10:00:23 - main] [MspMote.java:235] [INFO] - Loading firmware from: /home/michele/Documents/LowPoweredProject/lpwsn/app/burst/no/br_no_8_30/simulations/../app.sky
[10:00:23 - main] [MspMote.java:235] [INFO] - Loading firmware from: /home/michele/Documents/LowPoweredProject/lpwsn/app/burst/no/br_no_8_30/simulations/../app.sky
[10:00:23 - main] [MspMote.java:235] [INFO] - Loading firmware from: /home/michele/Documents/LowPoweredProject/lpwsn/app/burst/no/br_no_8_30/simulations/../app.sky
[10:00:23 - main] [MspMote.java:235] [INFO] - Loading firmware from: /home/michele/Documents/LowPoweredProject/lpwsn/app/burst/no/br_no_8_30/simulations/../app.sky
[10:00:23 - main] [MspMote.java:235] [INFO] - Loading firmware from: /home/michele/Documents/LowPoweredProject/lpwsn/app/burst/no/br_no_8_30/simulations/../app.sky
[10:00:23 - main] [MspMote.java:235] [INFO] - Loading firmware from: /home/michele/Documents/LowPoweredProject/lpwsn/app/burst/no/br_no_8_30/simulations/../app.sky
[10:00:23 - main] [MspMote.java:235] [INFO] - Loading firmware from: /home/michele/Documents/LowPoweredProject/lpwsn/app/burst/no/br_no_8_30/simulations/../app.sky
[10:00:23 - main] [MspMote.java:235] [INFO] - Loading firmware from: /home/michele/Documents/LowPoweredProject/lpwsn/app/burst/no/br_no_8_30/simulations/../app.sky
[10:00:23 - main] [Visualizer.java:256] [INFO] - Registered external visualizer: org.contikios.cooja.plugins.skins.DGRMVisualizerSkin
[10:00:23 - main] [TimeLine.java:567] [INFO] - Zoom level: 1000.0 microseconds/pixel 
[10:00:24 - main] [ScriptRunner.java:430] [INFO] - Test script deactivated
[10:00:24 - main] [LogScriptEngine.java:265] [INFO] - Script timeout in 180000 ms
[10:00:24 - main] [ScriptRunner.java:387] [INFO] - Test script activated
[10:00:25 - Thread-2] [Simulation.java:253] [INFO] - Simulation main loop started, system time: 1585468825831
[10:00:28 - Thread-2] [Simulation.java:312] [INFO] - Simulation main loop stopped, system time: 1585468828488	Duration: 2657 ms	Simulated time 2482 ms	Ratio 0.9341362438840798
[10:00:30 - AWT-EventQueue-0] [TimeLine.java:567] [INFO] - Zoom level: 500.0 microseconds/pixel 
[10:00:30 - AWT-EventQueue-0] [TimeLine.java:567] [INFO] - Zoom level: 200.0 microseconds/pixel 
[10:00:30 - AWT-EventQueue-0] [TimeLine.java:567] [INFO] - Zoom level: 100.0 microseconds/pixel 
[10:00:32 - AWT-EventQueue-0] [TimeLine.java:567] [INFO] - Zoom level: 50.0 microseconds/pixel 
[10:00:49 - Thread-1] [LogScriptEngine.java:309] [INFO] - Test script finished
[10:00:49 - AWT-EventQueue-0] [ScriptRunner.java:430] [INFO] - Test script deactivated
