[15:07:55 - main] [Cooja.java:3174] [WARN] - JAVA_HOME environment variable not set, Cooja motes may not compile
[15:07:55 - main] [Cooja.java:1317] [INFO] - > Starting Cooja
[15:07:55 - main] [Cooja.java:2858] [INFO] - External tools default settings: /external_tools_macosx.config
[15:07:55 - main] [Cooja.java:2888] [INFO] - External tools user settings: /Users/michelegrisafi/.cooja.user.properties
[15:07:56 - main] [Simulation.java:422] [INFO] - Simulation random seed: 2
[15:07:56 - main] [MspMote.java:235] [INFO] - Loading firmware from: /Users/michelegrisafi/Documents/lpwsn/lpwsn/app/general/simulations/../app.sky
[15:07:56 - main] [MspMote.java:235] [INFO] - Loading firmware from: /Users/michelegrisafi/Documents/lpwsn/lpwsn/app/general/simulations/../app.sky
[15:07:56 - main] [MspMote.java:235] [INFO] - Loading firmware from: /Users/michelegrisafi/Documents/lpwsn/lpwsn/app/general/simulations/../app.sky
[15:07:56 - main] [MspMote.java:235] [INFO] - Loading firmware from: /Users/michelegrisafi/Documents/lpwsn/lpwsn/app/general/simulations/../app.sky
[15:07:56 - main] [MspMote.java:235] [INFO] - Loading firmware from: /Users/michelegrisafi/Documents/lpwsn/lpwsn/app/general/simulations/../app.sky
[15:07:56 - main] [MspMote.java:235] [INFO] - Loading firmware from: /Users/michelegrisafi/Documents/lpwsn/lpwsn/app/general/simulations/../app.sky
[15:07:56 - main] [MspMote.java:235] [INFO] - Loading firmware from: /Users/michelegrisafi/Documents/lpwsn/lpwsn/app/general/simulations/../app.sky
[15:07:56 - main] [MspMote.java:235] [INFO] - Loading firmware from: /Users/michelegrisafi/Documents/lpwsn/lpwsn/app/general/simulations/../app.sky
[15:07:56 - main] [MspMote.java:235] [INFO] - Loading firmware from: /Users/michelegrisafi/Documents/lpwsn/lpwsn/app/general/simulations/../app.sky
[15:07:56 - main] [MspMote.java:235] [INFO] - Loading firmware from: /Users/michelegrisafi/Documents/lpwsn/lpwsn/app/general/simulations/../app.sky
[15:07:56 - main] [MspMote.java:235] [INFO] - Loading firmware from: /Users/michelegrisafi/Documents/lpwsn/lpwsn/app/general/simulations/../app.sky
[15:07:56 - main] [MspMote.java:235] [INFO] - Loading firmware from: /Users/michelegrisafi/Documents/lpwsn/lpwsn/app/general/simulations/../app.sky
[15:07:56 - main] [MspMote.java:235] [INFO] - Loading firmware from: /Users/michelegrisafi/Documents/lpwsn/lpwsn/app/general/simulations/../app.sky
[15:07:56 - main] [MspMote.java:235] [INFO] - Loading firmware from: /Users/michelegrisafi/Documents/lpwsn/lpwsn/app/general/simulations/../app.sky
[15:07:56 - main] [MspMote.java:235] [INFO] - Loading firmware from: /Users/michelegrisafi/Documents/lpwsn/lpwsn/app/general/simulations/../app.sky
[15:07:56 - main] [MspMote.java:235] [INFO] - Loading firmware from: /Users/michelegrisafi/Documents/lpwsn/lpwsn/app/general/simulations/../app.sky
[15:07:56 - main] [MspMote.java:235] [INFO] - Loading firmware from: /Users/michelegrisafi/Documents/lpwsn/lpwsn/app/general/simulations/../app.sky
[15:07:56 - main] [MspMote.java:235] [INFO] - Loading firmware from: /Users/michelegrisafi/Documents/lpwsn/lpwsn/app/general/simulations/../app.sky
[15:07:56 - main] [MspMote.java:235] [INFO] - Loading firmware from: /Users/michelegrisafi/Documents/lpwsn/lpwsn/app/general/simulations/../app.sky
[15:07:56 - main] [MspMote.java:235] [INFO] - Loading firmware from: /Users/michelegrisafi/Documents/lpwsn/lpwsn/app/general/simulations/../app.sky
[15:07:56 - main] [MspMote.java:235] [INFO] - Loading firmware from: /Users/michelegrisafi/Documents/lpwsn/lpwsn/app/general/simulations/../app.sky
[15:07:56 - main] [MspMote.java:235] [INFO] - Loading firmware from: /Users/michelegrisafi/Documents/lpwsn/lpwsn/app/general/simulations/../app.sky
[15:07:56 - main] [MspMote.java:235] [INFO] - Loading firmware from: /Users/michelegrisafi/Documents/lpwsn/lpwsn/app/general/simulations/../app.sky
[15:07:56 - main] [MspMote.java:235] [INFO] - Loading firmware from: /Users/michelegrisafi/Documents/lpwsn/lpwsn/app/general/simulations/../app.sky
[15:07:56 - main] [MspMote.java:235] [INFO] - Loading firmware from: /Users/michelegrisafi/Documents/lpwsn/lpwsn/app/general/simulations/../app.sky
[15:07:56 - main] [MspMote.java:235] [INFO] - Loading firmware from: /Users/michelegrisafi/Documents/lpwsn/lpwsn/app/general/simulations/../app.sky
[15:07:56 - main] [MspMote.java:235] [INFO] - Loading firmware from: /Users/michelegrisafi/Documents/lpwsn/lpwsn/app/general/simulations/../app.sky
[15:07:56 - main] [MspMote.java:235] [INFO] - Loading firmware from: /Users/michelegrisafi/Documents/lpwsn/lpwsn/app/general/simulations/../app.sky
[15:07:57 - main] [MspMote.java:235] [INFO] - Loading firmware from: /Users/michelegrisafi/Documents/lpwsn/lpwsn/app/general/simulations/../app.sky
[15:07:57 - main] [MspMote.java:235] [INFO] - Loading firmware from: /Users/michelegrisafi/Documents/lpwsn/lpwsn/app/general/simulations/../app.sky
[15:07:57 - main] [Visualizer.java:256] [INFO] - Registered external visualizer: org.contikios.cooja.plugins.skins.DGRMVisualizerSkin
[15:07:57 - main] [TimeLine.java:567] [INFO] - Zoom level: 1000.0 microseconds/pixel 
[15:07:59 - Thread-1] [Simulation.java:253] [INFO] - Simulation main loop started, system time: 1590930479364
[15:08:02 - Thread-1] [Simulation.java:312] [INFO] - Simulation main loop stopped, system time: 1590930482301	Duration: 2937 ms	Simulated time 3327 ms	Ratio 1.132788559754852
[15:08:26 - Thread-2] [Simulation.java:253] [INFO] - Simulation main loop started, system time: 1590930506310
[15:08:28 - Thread-2] [Simulation.java:312] [INFO] - Simulation main loop stopped, system time: 1590930508277	Duration: 1967 ms	Simulated time 6800 ms	Ratio 3.4570411794611084
